  File "/home/vijayakumar/.local/lib/python3.8/site-packages/pyinfra_cli/main.py", line 218, in cli
    _main(*args, **kwargs)
  File "/home/vijayakumar/.local/lib/python3.8/site-packages/pyinfra_cli/main.py", line 395, in _main
    operations = get_operation_and_args(operations)
  File "/home/vijayakumar/.local/lib/python3.8/site-packages/pyinfra_cli/util.py", line 161, in get_operation_and_args
    op_module = import_module(str(op_module))
  File "/usr/lib/python3.8/importlib/__init__.py", line 127, in import_module
    return _bootstrap._gcd_import(name[level:], package, level)
  File "<frozen importlib._bootstrap>", line 1014, in _gcd_import
  File "<frozen importlib._bootstrap>", line 991, in _find_and_load
  File "<frozen importlib._bootstrap>", line 975, in _find_and_load_unlocked
  File "<frozen importlib._bootstrap>", line 671, in _load_unlocked
  File "<frozen importlib._bootstrap_external>", line 848, in exec_module
  File "<frozen importlib._bootstrap>", line 219, in _call_with_frames_removed
  File "/home/vijayakumar/Documents/Code/Python/deploy.py", line 5, in <module>
    server.service(
  File "/home/vijayakumar/.local/lib/python3.8/site-packages/pyinfra/api/operation.py", line 183, in decorated_func
    global_kwargs, global_kwarg_keys = pop_global_op_kwargs(state, kwargs)
  File "/home/vijayakumar/.local/lib/python3.8/site-packages/pyinfra/api/operation_kwargs.py", line 150, in pop_global_op_kwargs
    default = default(state.config)
  File "/home/vijayakumar/.local/lib/python3.8/site-packages/pyinfra/api/operation_kwargs.py", line 7, in <lambda>
    'default': lambda config: config.SUDO,
Traceback (most recent call last):
  File "/home/vijayakumar/.local/lib/python3.8/site-packages/pyinfra_cli/util.py", line 158, in get_operation_and_args
    op_module = import_module('pyinfra.operations.{0}'.format(op_module))
  File "/usr/lib/python3.8/importlib/__init__.py", line 127, in import_module
    return _bootstrap._gcd_import(name[level:], package, level)
  File "<frozen importlib._bootstrap>", line 1014, in _gcd_import
  File "<frozen importlib._bootstrap>", line 991, in _find_and_load
  File "<frozen importlib._bootstrap>", line 973, in _find_and_load_unlocked
ModuleNotFoundError: No module named 'pyinfra.operations.deploy'

During handling of the above exception, another exception occurred:

AttributeError: 'NoneType' object has no attribute 'SUDO'
